[{"line":2,"elements":[{"start_timestamp":"2025-02-25T13:11:48.051Z","before":[{"result":{"error_message":"org.openqa.selenium.SessionNotCreatedException: Could not start a new session. Response code 500. Message: session not created: Chrome failed to start: crashed.\n  (session not created: DevToolsActivePort file doesn't exist)\n  (The process started from chrome location C:\\Program Files\\Google\\Chrome\\Application\\chrome.exe is no longer running, so ChromeDriver is assuming that Chrome has crashed.) \nHost info: host: 'RIANSYH', ip: '192.168.220.209'\nBuild info: version: '4.17.0', revision: 'e52b1be057*'\nSystem info: os.name: 'Windows 11', os.arch: 'amd64', os.version: '10.0', java.version: '23.0.1'\nDriver info: org.openqa.selenium.chrome.ChromeDriver\nCommand: [null, newSession {capabilities=[Capabilities {browserName: chrome, goog:chromeOptions: {args: [--headless, --no-sandbox, --disable-dev-shm-usage, --user-data-dir=/tmp/chrome...], binary: C:\\Program Files\\Google\\Chr..., extensions: []}}]}]\r\n\tat org.openqa.selenium.remote.ProtocolHandshake.createSession(ProtocolHandshake.java:139)\r\n\tat org.openqa.selenium.remote.ProtocolHandshake.createSession(ProtocolHandshake.java:95)\r\n\tat org.openqa.selenium.remote.ProtocolHandshake.createSession(ProtocolHandshake.java:67)\r\n\tat org.openqa.selenium.remote.HttpCommandExecutor.execute(HttpCommandExecutor.java:162)\r\n\tat org.openqa.selenium.remote.service.DriverCommandExecutor.invokeExecute(DriverCommandExecutor.java:216)\r\n\tat org.openqa.selenium.remote.service.DriverCommandExecutor.execute(DriverCommandExecutor.java:174)\r\n\tat org.openqa.selenium.remote.RemoteWebDriver.execute(RemoteWebDriver.java:519)\r\n\tat org.openqa.selenium.remote.RemoteWebDriver.startSession(RemoteWebDriver.java:233)\r\n\tat org.openqa.selenium.remote.RemoteWebDriver.<init>(RemoteWebDriver.java:162)\r\n\tat org.openqa.selenium.chromium.ChromiumDriver.<init>(ChromiumDriver.java:114)\r\n\tat org.openqa.selenium.chrome.ChromeDriver.<init>(ChromeDriver.java:89)\r\n\tat org.openqa.selenium.chrome.ChromeDriver.<init>(ChromeDriver.java:84)\r\n\tat org.openqa.selenium.chrome.ChromeDriver.<init>(ChromeDriver.java:73)\r\n\tat com.angel.stepdef.CucumberHooks.setup(CucumberHooks.java:19)\r\n","duration":5937626700,"status":"failed"},"match":{"location":"com.angel.stepdef.CucumberHooks.setup()"}}],"line":5,"name":"Login with valid username and password","description":"","id":"login;login-with-valid-username-and-password","after":[{"result":{"status":"passed"},"match":{"location":"com.angel.stepdef.CucumberHooks.tearDown()"}}],"type":"scenario","keyword":"Scenario","steps":[{"result":{"duration":997600,"status":"skipped"},"line":6,"name":"user is on login page","match":{"location":"com.angel.stepdef.LoginStepDef.userIsOnLoginPage()"},"keyword":"Given "},{"result":{"status":"skipped"},"line":7,"name":"user input username with \"standard_user\"","match":{"arguments":[{"val":"\"standard_user\"","offset":25}],"location":"com.angel.stepdef.LoginStepDef.userInputUsernameWith(java.lang.String)"},"keyword":"And "},{"result":{"status":"skipped"},"line":8,"name":"user input password with \"secret_sauce\"","match":{"arguments":[{"val":"\"secret_sauce\"","offset":25}],"location":"com.angel.stepdef.LoginStepDef.userInputPasswordWith(java.lang.String)"},"keyword":"And "},{"result":{"status":"skipped"},"line":9,"name":"user click login button","match":{"location":"com.angel.stepdef.LoginStepDef.userClickLoginButton()"},"keyword":"When "},{"result":{"duration":1006400,"status":"skipped"},"line":10,"name":"user is on homepage","match":{"location":"com.angel.stepdef.LoginStepDef.userIsOnHomepage()"},"keyword":"Then "}],"tags":[{"name":"@login"},{"name":"@valid-login"}]},{"start_timestamp":"2025-02-25T13:11:54.019Z","before":[{"result":{"error_message":"org.openqa.selenium.SessionNotCreatedException: Could not start a new session. Response code 500. Message: session not created: Chrome failed to start: crashed.\n  (session not created: DevToolsActivePort file doesn't exist)\n  (The process started from chrome location C:\\Program Files\\Google\\Chrome\\Application\\chrome.exe is no longer running, so ChromeDriver is assuming that Chrome has crashed.) \nHost info: host: 'RIANSYH', ip: '192.168.220.209'\nBuild info: version: '4.17.0', revision: 'e52b1be057*'\nSystem info: os.name: 'Windows 11', os.arch: 'amd64', os.version: '10.0', java.version: '23.0.1'\nDriver info: org.openqa.selenium.chrome.ChromeDriver\nCommand: [null, newSession {capabilities=[Capabilities {browserName: chrome, goog:chromeOptions: {args: [--headless, --no-sandbox, --disable-dev-shm-usage, --user-data-dir=/tmp/chrome...], binary: C:\\Program Files\\Google\\Chr..., extensions: []}}]}]\r\n\tat org.openqa.selenium.remote.ProtocolHandshake.createSession(ProtocolHandshake.java:139)\r\n\tat org.openqa.selenium.remote.ProtocolHandshake.createSession(ProtocolHandshake.java:95)\r\n\tat org.openqa.selenium.remote.ProtocolHandshake.createSession(ProtocolHandshake.java:67)\r\n\tat org.openqa.selenium.remote.HttpCommandExecutor.execute(HttpCommandExecutor.java:162)\r\n\tat org.openqa.selenium.remote.service.DriverCommandExecutor.invokeExecute(DriverCommandExecutor.java:216)\r\n\tat org.openqa.selenium.remote.service.DriverCommandExecutor.execute(DriverCommandExecutor.java:174)\r\n\tat org.openqa.selenium.remote.RemoteWebDriver.execute(RemoteWebDriver.java:519)\r\n\tat org.openqa.selenium.remote.RemoteWebDriver.startSession(RemoteWebDriver.java:233)\r\n\tat org.openqa.selenium.remote.RemoteWebDriver.<init>(RemoteWebDriver.java:162)\r\n\tat org.openqa.selenium.chromium.ChromiumDriver.<init>(ChromiumDriver.java:114)\r\n\tat org.openqa.selenium.chrome.ChromeDriver.<init>(ChromeDriver.java:89)\r\n\tat org.openqa.selenium.chrome.ChromeDriver.<init>(ChromeDriver.java:84)\r\n\tat org.openqa.selenium.chrome.ChromeDriver.<init>(ChromeDriver.java:73)\r\n\tat com.angel.stepdef.CucumberHooks.setup(CucumberHooks.java:19)\r\n","duration":1540289500,"status":"failed"},"match":{"location":"com.angel.stepdef.CucumberHooks.setup()"}}],"line":13,"name":"Login using invalid email and password","description":"","id":"login;login-using-invalid-email-and-password","after":[{"result":{"status":"passed"},"match":{"location":"com.angel.stepdef.CucumberHooks.tearDown()"}}],"type":"scenario","keyword":"Scenario","steps":[{"result":{"status":"skipped"},"line":14,"name":"user is on login page","match":{"location":"com.angel.stepdef.LoginStepDef.userIsOnLoginPage()"},"keyword":"Given "},{"result":{"status":"skipped"},"line":15,"name":"user input username with \"standard_user\"","match":{"arguments":[{"val":"\"standard_user\"","offset":25}],"location":"com.angel.stepdef.LoginStepDef.userInputUsernameWith(java.lang.String)"},"keyword":"And "},{"result":{"status":"skipped"},"line":16,"name":"user input password with \"invalid\"","match":{"arguments":[{"val":"\"invalid\"","offset":25}],"location":"com.angel.stepdef.LoginStepDef.userInputPasswordWith(java.lang.String)"},"keyword":"And "},{"result":{"duration":1237900,"status":"skipped"},"line":17,"name":"user click login button","match":{"location":"com.angel.stepdef.LoginStepDef.userClickLoginButton()"},"keyword":"When "},{"result":{"status":"skipped"},"line":18,"name":"user see error message \"Epic sadface: Username and password do not match any user in this service\"","match":{"arguments":[{"val":"\"Epic sadface: Username and password do not match any user in this service\"","offset":23}],"location":"com.angel.stepdef.LoginStepDef.userAbleToSeeErrorMessage(java.lang.String)"},"keyword":"Then "}],"tags":[{"name":"@login"},{"name":"@invalid-login"}]}],"name":"Login","description":"","id":"login","keyword":"Feature","uri":"file:src/test/resources/login.feature","tags":[{"name":"@login","type":"Tag","location":{"line":1,"column":1}}]}]